<?xml version="1.0" encoding="UTF-8"?>
<!-- Generated by org.testng.reporters.JUnitReportReporter -->
<testsuite hostname="Tahiduls-MBP" failures="0" tests="1" name="usa.tohid.javaCoding.HowToReverseString" time="0.003" errors="0" timestamp="16 May 2023 21:56:45 GMT" skipped="0">
  <testcase classname="usa.tohid.javaCoding.HowToReverseString" name="reverseString" time="0.003"/>
</testsuite> <!-- usa.tohid.javaCoding.HowToReverseString -->
