<?xml version="1.0" encoding="UTF-8"?>
<!-- Generated by org.testng.reporters.JUnitReportReporter -->
<testsuite hostname="Tahiduls-MBP" failures="0" tests="5" name="tohid.usa.testNG.PriorityTest" time="0.005" errors="0" timestamp="04 May 2023 16:55:02 GMT" skipped="0">
  <testcase classname="tohid.usa.testNG.PriorityTest" name="getmethod1" time="0.004"/>
  <testcase classname="tohid.usa.testNG.PriorityTest" name="getmethod4" time="0.001"/>
  <testcase classname="tohid.usa.testNG.PriorityTest" name="getmethod3" time="0.000"/>
  <testcase classname="tohid.usa.testNG.PriorityTest" name="getmethod2" time="0.000"/>
  <testcase classname="tohid.usa.testNG.PriorityTest" name="getmethod5" time="0.000"/>
</testsuite> <!-- tohid.usa.testNG.PriorityTest -->
