<?xml version="1.0" encoding="UTF-8"?>
<!-- Generated by org.testng.reporters.JUnitReportReporter -->
<testsuite hostname="Tahiduls-MBP" failures="0" tests="10" name="tohid.usa.testNG.InvocationCount" time="0.007" errors="0" timestamp="02 May 2023 22:29:38 GMT" skipped="0">
  <testcase classname="tohid.usa.testNG.InvocationCount" name="getCount" time="0.000"/>
  <testcase classname="tohid.usa.testNG.InvocationCount" name="getCount" time="0.001"/>
  <testcase classname="tohid.usa.testNG.InvocationCount" name="getCount" time="0.001"/>
  <testcase classname="tohid.usa.testNG.InvocationCount" name="getCount" time="0.001"/>
  <testcase classname="tohid.usa.testNG.InvocationCount" name="getCount" time="0.000"/>
  <testcase classname="tohid.usa.testNG.InvocationCount" name="getCount" time="0.000"/>
  <testcase classname="tohid.usa.testNG.InvocationCount" name="getCount" time="0.004"/>
  <testcase classname="tohid.usa.testNG.InvocationCount" name="getCount" time="0.000"/>
  <testcase classname="tohid.usa.testNG.InvocationCount" name="getCount" time="0.000"/>
  <testcase classname="tohid.usa.testNG.InvocationCount" name="getCount" time="0.000"/>
</testsuite> <!-- tohid.usa.testNG.InvocationCount -->
