<?xml version="1.0" encoding="UTF-8"?>
<!-- Generated by org.testng.reporters.JUnitReportReporter -->
<testsuite hostname="Tahiduls-MBP" failures="0" tests="4" name="tohid.usa.testNG.ParallelTesting" time="10.173" errors="0" timestamp="05 May 2023 00:22:30 GMT" skipped="0">
  <testcase classname="tohid.usa.testNG.ParallelTesting" name="getOpenBrowserNode3" time="2.114"/>
  <testcase classname="tohid.usa.testNG.ParallelTesting" name="getOpenBrowserNode4" time="2.099"/>
  <testcase classname="tohid.usa.testNG.ParallelTesting" name="getOpenBrowserNode2" time="2.081"/>
  <testcase classname="tohid.usa.testNG.ParallelTesting" name="getOpenBrowserNode1" time="3.879"/>
</testsuite> <!-- tohid.usa.testNG.ParallelTesting -->
