<?xml version="1.0" encoding="UTF-8"?>
<!-- Generated by org.testng.reporters.JUnitReportReporter -->
<testsuite hostname="Tahiduls-MBP" failures="0" tests="3" name="com.practiceTestNG.PracticeParallelTesting" time="6.142" errors="0" timestamp="08 May 2023 17:57:34 GMT" skipped="0">
  <testcase classname="com.practiceTestNG.PracticeParallelTesting" name="getBrowserNode3" time="1.798"/>
  <testcase classname="com.practiceTestNG.PracticeParallelTesting" name="getBrowserNode2" time="1.983"/>
  <testcase classname="com.practiceTestNG.PracticeParallelTesting" name="getBrowserNode1" time="2.361"/>
</testsuite> <!-- com.practiceTestNG.PracticeParallelTesting -->
