<?xml version="1.0" encoding="UTF-8"?>
<!-- Generated by org.testng.reporters.JUnitReportReporter -->
<testsuite hostname="Tahiduls-MBP" failures="0" tests="2" name="tohid.usa.testNG.DataProviderTest" time="7.220" errors="0" timestamp="05 May 2023 02:11:52 GMT" skipped="0">
  <testcase classname="tohid.usa.testNG.DataProviderTest" name="getLogin" time="3.261"/>
  <testcase classname="tohid.usa.testNG.DataProviderTest" name="getLogin" time="3.959"/>
</testsuite> <!-- tohid.usa.testNG.DataProviderTest -->
