<?xml version="1.0" encoding="UTF-8"?>
<!-- Generated by org.testng.reporters.JUnitReportReporter -->
<testsuite hostname="Tahiduls-MBP" failures="0" tests="1" name="tohid.usa.testNG.TestNGBasicAnnotation" time="0.002" errors="0" timestamp="02 May 2023 22:21:09 GMT" skipped="0">
  <testcase classname="tohid.usa.testNG.TestNGBasicAnnotation" name="testCase1" time="0.002"/>
</testsuite> <!-- tohid.usa.testNG.TestNGBasicAnnotation -->
