<?xml version="1.0" encoding="UTF-8"?>
<!-- Generated by org.testng.reporters.JUnitReportReporter -->
<testsuite hostname="Tahiduls-MBP" failures="0" tests="3" name="tohid.usa.testNG.DependsOnMethod" time="0.006" errors="0" timestamp="04 May 2023 16:53:04 GMT" skipped="0">
  <testcase classname="tohid.usa.testNG.DependsOnMethod" name="test1" time="0.004"/>
  <testcase classname="tohid.usa.testNG.DependsOnMethod" name="test2" time="0.001"/>
  <testcase classname="tohid.usa.testNG.DependsOnMethod" name="test3" time="0.001"/>
</testsuite> <!-- tohid.usa.testNG.DependsOnMethod -->
