<?xml version="1.0" encoding="UTF-8"?>
<!-- Generated by org.testng.reporters.JUnitReportReporter -->
<testsuite hostname="Tahiduls-MBP" failures="0" tests="4" name="tohid.usa.testNG.EnableEqualTrue_False" time="0.003" errors="0" timestamp="02 May 2023 22:37:42 GMT" skipped="3">
  <testcase classname="tohid.usa.testNG.EnableEqualTrue_False" name="test2" time="0.003"/>
  <testcase classname="tohid.usa.testNG.EnableEqualTrue_False" name="test4">
    <skipped/>
  </testcase> <!-- test4 -->
  <testcase classname="tohid.usa.testNG.EnableEqualTrue_False" name="test3">
    <skipped/>
  </testcase> <!-- test3 -->
  <testcase classname="tohid.usa.testNG.EnableEqualTrue_False" name="test1">
    <skipped/>
  </testcase> <!-- test1 -->
</testsuite> <!-- tohid.usa.testNG.EnableEqualTrue_False -->
