<?xml version="1.0" encoding="UTF-8"?>
<!-- Generated by org.testng.reporters.JUnitReportReporter -->
<testsuite hostname="Tahiduls-MBP" failures="0" tests="3" name="usa.tohid.javaCoding.ReomivingAndFindingDuplicates" time="0.008" errors="0" timestamp="16 May 2023 21:19:22 GMT" skipped="0">
  <testcase classname="usa.tohid.javaCoding.ReomivingAndFindingDuplicates" name="RemoveDuplicates1" time="0.001"/>
  <testcase classname="usa.tohid.javaCoding.ReomivingAndFindingDuplicates" name="FindTheDuplicatesFromArray" time="0.004"/>
  <testcase classname="usa.tohid.javaCoding.ReomivingAndFindingDuplicates" name="RemoveDuplicates" time="0.003"/>
</testsuite> <!-- usa.tohid.javaCoding.ReomivingAndFindingDuplicates -->
