<?xml version="1.0" encoding="UTF-8"?>
<!-- Generated by org.testng.reporters.JUnitReportReporter -->
<testsuite hostname="Tahiduls-MBP" failures="0" tests="1" name="usa.tohid.javaCoding.RemoveDuplicates" time="0.006" errors="0" timestamp="16 May 2023 23:02:00 GMT" skipped="0">
  <testcase classname="usa.tohid.javaCoding.RemoveDuplicates" name="removeDuplicatesUsingList" time="0.006"/>
</testsuite> <!-- usa.tohid.javaCoding.RemoveDuplicates -->
